<?xml version="1.0" encoding="UTF-8"?>
<testsuites name="New Test Suite" time="89.109" tests="2" failures="0" errors="0">
   <testsuite name="New Test Suite" tests="2" failures="0" errors="0" time="89.109" skipped="0" timestamp="04-02-2025T17:32:46" hostname="SHASHANK - shahanks-pc" id="Test Suites/New Test Suite">
      <properties>
         <property name="deviceName" value=""/>
         <property name="devicePlatform"/>
         <property name="logFolder" value="D:\\Katalon Studio\\git\\katalon_demo\\katalon_demo\\Reports\\20250204_173239\\New Test Suite\\20250204_173240"/>
         <property name="logFiles" value="D:\\Katalon Studio\\git\\katalon_demo\\katalon_demo\\Reports\\20250204_173239\\New Test Suite\\20250204_173240\\execution0.log"/>
         <property name="attachments" value="D:\\Katalon Studio\\git\\katalon_demo\\katalon_demo\\Reports\\20250204_173239\\New Test Suite\\20250204_173240\\1738670640376.png"/>
         <property name="hostName" value="SHASHANK - shahanks-pc"/>
         <property name="os" value="Windows 11 64bit"/>
         <property name="katalonVersion" value="10.1.0.223"/>
         <property name="browser" value="Chrome 132.0.6834.160"/>
         <property name="hostAddress" value="192.168.0.105"/>
         <property name="sessionId" value="07804610553c3e8232685de20baaa5e8"/>
         <property name="seleniumVersion" value="4.22.0"/>
         <property name="proxyInformation" value="ProxyInformation { proxyOption=NO_PROXY, proxyServerType=HTTP, username=, password=********, proxyServerAddress=, proxyServerPort=0, executionList=&quot;&quot;, isApplyToDesiredCapabilities=true }"/>
         <property name="platform" value="Windows 11"/>
      </properties>
      <testcase name="Test Cases/New Test Case" time="19.713" classname="Test Cases/New Test Case" status="PASSED">
         <system-out><![CDATA[04-02-2025T17:32:47 - [TEST_CASE][PASSED] - Test Cases/New Test Case: Test Cases/New Test Case

04-02-2025T17:32:47 - [TEST_STEP][PASSED] - openBrowser(""): Browser is opened with url: ''

04-02-2025T17:32:47 - [MESSAGE][INFO] - Starting 'Chrome' driver

04-02-2025T17:32:47 - [MESSAGE][INFO] - Action delay is set to 0 milliseconds

04-02-2025T17:32:53 - [MESSAGE][PASSED] - Browser is opened with url: ''

04-02-2025T17:32:53 - [TEST_STEP][PASSED] - navigateToUrl("https://www.frugaltesting.com/"): Navigate to 'https://www.frugaltesting.com/' successfully

04-02-2025T17:32:58 - [MESSAGE][PASSED] - Navigate to 'https://www.frugaltesting.com/' successfully

04-02-2025T17:32:58 - [TEST_STEP][PASSED] - click(findTestObject("Object Repository/Page_Software Testing Company  QA Testing S_47c101/div_Get Started")): Object: 'Object Repository/Page_Software Testing Company  QA Testing S_47c101/div_Get Started' is clicked on

04-02-2025T17:32:59 - [MESSAGE][PASSED] - Object: 'Object Repository/Page_Software Testing Company  QA Testing S_47c101/div_Get Started' is clicked on

04-02-2025T17:32:59 - [TEST_STEP][PASSED] - switchToWindowTitle("Book A Meet"): Switched to window with title: 'Book A Meet'

04-02-2025T17:33:03 - [MESSAGE][PASSED] - Switched to window with title: 'Book A Meet'

04-02-2025T17:33:03 - [TEST_STEP][PASSED] - click(findTestObject("Object Repository/Page_Book A Meet/div_Product")): Object: 'Object Repository/Page_Book A Meet/div_Product' is clicked on

04-02-2025T17:33:03 - [MESSAGE][PASSED] - Object: 'Object Repository/Page_Book A Meet/div_Product' is clicked on

04-02-2025T17:33:03 - [TEST_STEP][PASSED] - click(findTestObject("Object Repository/Page_Book A Meet/div_Services")): Object: 'Object Repository/Page_Book A Meet/div_Services' is clicked on

04-02-2025T17:33:04 - [MESSAGE][PASSED] - Object: 'Object Repository/Page_Book A Meet/div_Services' is clicked on

04-02-2025T17:33:04 - [TEST_STEP][PASSED] - click(findTestObject("Object Repository/Page_Book A Meet/svg")): Object: 'Object Repository/Page_Book A Meet/svg' is clicked on

04-02-2025T17:33:05 - [MESSAGE][PASSED] - Object: 'Object Repository/Page_Book A Meet/svg' is clicked on

04-02-2025T17:33:05 - [TEST_STEP][PASSED] - click(findTestObject("Object Repository/Page_Book A Meet/div_Resources")): Object: 'Object Repository/Page_Book A Meet/div_Resources' is clicked on

04-02-2025T17:33:05 - [MESSAGE][PASSED] - Object: 'Object Repository/Page_Book A Meet/div_Resources' is clicked on

04-02-2025T17:33:05 - [TEST_STEP][PASSED] - click(findTestObject("Object Repository/Page_Book A Meet/div_Company")): Object: 'Object Repository/Page_Book A Meet/div_Company' is clicked on

04-02-2025T17:33:06 - [MESSAGE][PASSED] - Object: 'Object Repository/Page_Book A Meet/div_Company' is clicked on

04-02-2025T17:33:06 - [TEST_STEP][PASSED] - closeBrowser(): Browser is closed

04-02-2025T17:33:06 - [MESSAGE][PASSED] - Browser is closed]]></system-out>
         <system-err><![CDATA[]]></system-err>
      </testcase>
      <testcase name="Test Cases/New Test Case" time="15.402" classname="Test Cases/New Test Case" status="PASSED">
         <system-out><![CDATA[04-02-2025T17:34:00 - [TEST_CASE][PASSED] - Test Cases/New Test Case: Test Cases/New Test Case

04-02-2025T17:34:00 - [TEST_STEP][PASSED] - openBrowser(""): Browser is opened with url: ''

04-02-2025T17:34:00 - [MESSAGE][WARNING] - A browser is already opened. Closing browser and opening a new one

04-02-2025T17:34:01 - [MESSAGE][INFO] - Starting 'Chrome' driver

04-02-2025T17:34:01 - [MESSAGE][INFO] - Action delay is set to 0 milliseconds

04-02-2025T17:34:03 - [MESSAGE][PASSED] - Browser is opened with url: ''

04-02-2025T17:34:03 - [TEST_STEP][PASSED] - navigateToUrl("https://www.frugaltesting.com/"): Navigate to 'https://www.frugaltesting.com/' successfully

04-02-2025T17:34:08 - [MESSAGE][PASSED] - Navigate to 'https://www.frugaltesting.com/' successfully

04-02-2025T17:34:08 - [TEST_STEP][PASSED] - click(findTestObject("Object Repository/Page_Software Testing Company  QA Testing S_47c101/div_Get Started")): Object: 'Object Repository/Page_Software Testing Company  QA Testing S_47c101/div_Get Started' is clicked on

04-02-2025T17:34:10 - [MESSAGE][PASSED] - Object: 'Object Repository/Page_Software Testing Company  QA Testing S_47c101/div_Get Started' is clicked on

04-02-2025T17:34:10 - [TEST_STEP][PASSED] - switchToWindowTitle("Book A Meet"): Switched to window with title: 'Book A Meet'

04-02-2025T17:34:12 - [MESSAGE][PASSED] - Switched to window with title: 'Book A Meet'

04-02-2025T17:34:12 - [TEST_STEP][PASSED] - click(findTestObject("Object Repository/Page_Book A Meet/div_Product")): Object: 'Object Repository/Page_Book A Meet/div_Product' is clicked on

04-02-2025T17:34:13 - [MESSAGE][PASSED] - Object: 'Object Repository/Page_Book A Meet/div_Product' is clicked on

04-02-2025T17:34:13 - [TEST_STEP][PASSED] - click(findTestObject("Object Repository/Page_Book A Meet/div_Services")): Object: 'Object Repository/Page_Book A Meet/div_Services' is clicked on

04-02-2025T17:34:13 - [MESSAGE][PASSED] - Object: 'Object Repository/Page_Book A Meet/div_Services' is clicked on

04-02-2025T17:34:13 - [TEST_STEP][PASSED] - click(findTestObject("Object Repository/Page_Book A Meet/svg")): Object: 'Object Repository/Page_Book A Meet/svg' is clicked on

04-02-2025T17:34:14 - [MESSAGE][PASSED] - Object: 'Object Repository/Page_Book A Meet/svg' is clicked on

04-02-2025T17:34:14 - [TEST_STEP][PASSED] - click(findTestObject("Object Repository/Page_Book A Meet/div_Resources")): Object: 'Object Repository/Page_Book A Meet/div_Resources' is clicked on

04-02-2025T17:34:15 - [MESSAGE][PASSED] - Object: 'Object Repository/Page_Book A Meet/div_Resources' is clicked on

04-02-2025T17:34:15 - [TEST_STEP][PASSED] - click(findTestObject("Object Repository/Page_Book A Meet/div_Company")): Object: 'Object Repository/Page_Book A Meet/div_Company' is clicked on

04-02-2025T17:34:15 - [MESSAGE][PASSED] - Object: 'Object Repository/Page_Book A Meet/div_Company' is clicked on

04-02-2025T17:34:15 - [TEST_STEP][PASSED] - closeBrowser(): Browser is closed

04-02-2025T17:34:16 - [MESSAGE][PASSED] - Browser is closed]]></system-out>
         <system-err><![CDATA[]]></system-err>
      </testcase>
      <system-out><![CDATA[04-02-2025T17:32:46 - [TEST_SUITE][FAILED] - New Test Suite: Test Cases/New Test Case FAILED.
Reason:
com.kms.katalon.core.exception.StepFailedException: Unable to click on object 'Object Repository/Page_Software Testing Company  QA Testing S_47c101/div_Get Started'
	at com.kms.katalon.core.webui.keyword.internal.WebUIKeywordMain.stepFailed(WebUIKeywordMain.groovy:117)
	at com.kms.katalon.core.webui.keyword.internal.WebUIKeywordMain.runKeyword(WebUIKeywordMain.groovy:43)
	at com.kms.katalon.core.webui.keyword.builtin.ClickKeyword.click(ClickKeyword.groovy:75)
	at com.kms.katalon.core.webui.keyword.builtin.ClickKeyword.execute(ClickKeyword.groovy:40)
	at com.kms.katalon.core.keyword.internal.KeywordExecutor.executeKeywordForPlatform(KeywordExecutor.groovy:74)
	at com.kms.katalon.core.webui.keyword.WebUiBuiltInKeywords.click(WebUiBuiltInKeywords.groovy:696)
	at New Test Case.run(New Test Case:24)
	at com.kms.katalon.core.main.ScriptEngine.run(ScriptEngine.java:194)
	at com.kms.katalon.core.main.ScriptEngine.runScriptAsRawText(ScriptEngine.java:119)
	at com.kms.katalon.core.main.TestCaseExecutor.runScript(TestCaseExecutor.java:448)
	at com.kms.katalon.core.main.TestCaseExecutor.doExecute(TestCaseExecutor.java:439)
	at com.kms.katalon.core.main.TestCaseExecutor.processExecutionPhase(TestCaseExecutor.java:418)
	at com.kms.katalon.core.main.TestCaseExecutor.accessMainPhase(TestCaseExecutor.java:410)
	at com.kms.katalon.core.main.TestCaseExecutor.execute(TestCaseExecutor.java:285)
	at com.kms.katalon.core.common.CommonExecutor.accessTestCaseMainPhase(CommonExecutor.java:71)
	at com.kms.katalon.core.main.TestSuiteExecutor.accessTestSuiteMainPhase(TestSuiteExecutor.java:160)
	at com.kms.katalon.core.main.TestSuiteExecutor.execute(TestSuiteExecutor.java:107)
	at com.kms.katalon.core.main.TestCaseMain.startTestSuite(TestCaseMain.java:180)
	at TempTestSuite1738670560667.run(TempTestSuite1738670560667.groovy:35)
	at java.base/jdk.internal.reflect.NativeMethodAccessorImpl.invoke0(Native Method)
	at java.base/jdk.internal.reflect.NativeMethodAccessorImpl.invoke(NativeMethodAccessorImpl.java:77)
	at java.base/jdk.internal.reflect.DelegatingMethodAccessorImpl.invoke(DelegatingMethodAccessorImpl.java:43)
Caused by: org.openqa.selenium.ElementClickInterceptedException: element click intercepted: Element <div class="text-block-88">...</div> is not clickable at point (933, 31). Other element would receive the click: <div class="cl-dialog" cl-connector-root-element="DETACHED" cl-widget-id="f11857v11857" style="z-index: 900719924; position: fixed; visibility: visible;">...</div>
  (Session info: chrome=132.0.6834.160)
Build info: version: '4.22.0', revision: 'c5f3146703'
System info: os.name: 'Windows 11', os.arch: 'amd64', os.version: '10.0', java.version: '17.0.13'
Driver info: com.kms.katalon.selenium.driver.CChromeDriver
Command: [6f2bb18c44c7706e12c4dec11300bc8a, clickElement {id=f.CB71AE232C560288270CC482EECE975F.d.A0BA60DD737B1A4543F224930EC2A0CC.e.56}]
Capabilities {acceptInsecureCerts: false, browserName: chrome, browserVersion: 132.0.6834.160, chrome: {chromedriverVersion: 132.0.6834.83 (03d59cf5ecf1..., userDataDir: C:\Users\SHASHANK\AppData\L...}, fedcm:accounts: true, goog:chromeOptions: {debuggerAddress: localhost:52289}, networkConnectionEnabled: false, pageLoadStrategy: normal, platformName: windows, proxy: Proxy(), se:cdp: ws://localhost:52289/devtoo..., se:cdpVersion: 132.0.6834.160, setWindowRect: true, strictFileInteractability: false, timeouts: {implicit: 0, pageLoad: 300000, script: 30000}, unhandledPromptBehavior: ignore, webSocketUrl: ws://localhost:1405/session..., webauthn:extension:credBlob: true, webauthn:extension:largeBlob: true, webauthn:extension:minPinLength: true, webauthn:extension:prf: true, webauthn:virtualAuthenticators: true}
Element: [[CChromeDriver: chrome on windows (6f2bb18c44c7706e12c4dec11300bc8a)] -> xpath: (.//*[normalize-space(text()) and normalize-space(.)='All video podcasts'])[1]/following::div[6]]
Session ID: 6f2bb18c44c7706e12c4dec11300bc8a
	at java.base/jdk.internal.reflect.NativeConstructorAccessorImpl.newInstance0(Native Method)
	at java.base/jdk.internal.reflect.NativeConstructorAccessorImpl.newInstance(NativeConstructorAccessorImpl.java:77)
	at java.base/jdk.internal.reflect.DelegatingConstructorAccessorImpl.newInstance(DelegatingConstructorAccessorImpl.java:45)
	at org.openqa.selenium.remote.ErrorCodec.decode(ErrorCodec.java:167)
	at org.openqa.selenium.remote.codec.w3c.W3CHttpResponseCodec.decode(W3CHttpResponseCodec.java:138)
	at org.openqa.selenium.remote.codec.w3c.W3CHttpResponseCodec.decode(W3CHttpResponseCodec.java:50)
	at org.openqa.selenium.remote.HttpCommandExecutor.execute(HttpCommandExecutor.java:190)
	at org.openqa.selenium.remote.service.DriverCommandExecutor.invokeExecute(DriverCommandExecutor.java:216)
	at org.openqa.selenium.remote.service.DriverCommandExecutor.execute(DriverCommandExecutor.java:174)
	at org.openqa.selenium.remote.RemoteWebDriver.execute(RemoteWebDriver.java:518)
	at org.openqa.selenium.remote.RemoteWebElement.execute(RemoteWebElement.java:223)
	at org.openqa.selenium.remote.RemoteWebElement.click(RemoteWebElement.java:76)
	at jdk.internal.reflect.GeneratedMethodAccessor17.invoke(Unknown Source)
	at java.base/jdk.internal.reflect.DelegatingMethodAccessorImpl.invoke(DelegatingMethodAccessorImpl.java:43)
	at org.openqa.selenium.support.decorators.WebDriverDecorator.call(WebDriverDecorator.java:249)
	at org.openqa.selenium.support.decorators.DefaultDecorated.call(DefaultDecorated.java:48)
	at org.openqa.selenium.support.decorators.WebDriverDecorator.lambda$createProxy$2(WebDriverDecorator.java:321)
	at net.bytebuddy.renamed.java.lang.Object$ByteBuddy$pnEbGi8v.click(Unknown Source)
	at org.openqa.selenium.WebElement$click.call(Unknown Source)
	at com.kms.katalon.core.webui.keyword.builtin.ClickKeyword.clickUntilSuccessWithTimeout(ClickKeyword.groovy:82)
	at com.kms.katalon.core.webui.keyword.builtin.ClickKeyword.clickUntilSuccessWithTimeout(ClickKeyword.groovy)
	at java.base/jdk.internal.reflect.NativeMethodAccessorImpl.invoke0(Native Method)
	at java.base/jdk.internal.reflect.NativeMethodAccessorImpl.invoke(NativeMethodAccessorImpl.java:77)
	at java.base/jdk.internal.reflect.DelegatingMethodAccessorImpl.invoke(DelegatingMethodAccessorImpl.java:43)
	at com.kms.katalon.core.webui.keyword.builtin.ClickKeyword$_click_closure1.doCall(ClickKeyword.groovy:68)
	at com.kms.katalon.core.webui.keyword.builtin.ClickKeyword$_click_closure1.call(ClickKeyword.groovy)
	at com.kms.katalon.core.webui.keyword.internal.WebUIKeywordMain.runKeyword(WebUIKeywordMain.groovy:35)
	... 20 more]]></system-out>
      <system-err><![CDATA[04-02-2025T17:32:46 - [TEST_SUITE][FAILED] - New Test Suite: Test Cases/New Test Case FAILED.
Reason:
com.kms.katalon.core.exception.StepFailedException: Unable to click on object 'Object Repository/Page_Software Testing Company  QA Testing S_47c101/div_Get Started'
	at com.kms.katalon.core.webui.keyword.internal.WebUIKeywordMain.stepFailed(WebUIKeywordMain.groovy:117)
	at com.kms.katalon.core.webui.keyword.internal.WebUIKeywordMain.runKeyword(WebUIKeywordMain.groovy:43)
	at com.kms.katalon.core.webui.keyword.builtin.ClickKeyword.click(ClickKeyword.groovy:75)
	at com.kms.katalon.core.webui.keyword.builtin.ClickKeyword.execute(ClickKeyword.groovy:40)
	at com.kms.katalon.core.keyword.internal.KeywordExecutor.executeKeywordForPlatform(KeywordExecutor.groovy:74)
	at com.kms.katalon.core.webui.keyword.WebUiBuiltInKeywords.click(WebUiBuiltInKeywords.groovy:696)
	at New Test Case.run(New Test Case:24)
	at com.kms.katalon.core.main.ScriptEngine.run(ScriptEngine.java:194)
	at com.kms.katalon.core.main.ScriptEngine.runScriptAsRawText(ScriptEngine.java:119)
	at com.kms.katalon.core.main.TestCaseExecutor.runScript(TestCaseExecutor.java:448)
	at com.kms.katalon.core.main.TestCaseExecutor.doExecute(TestCaseExecutor.java:439)
	at com.kms.katalon.core.main.TestCaseExecutor.processExecutionPhase(TestCaseExecutor.java:418)
	at com.kms.katalon.core.main.TestCaseExecutor.accessMainPhase(TestCaseExecutor.java:410)
	at com.kms.katalon.core.main.TestCaseExecutor.execute(TestCaseExecutor.java:285)
	at com.kms.katalon.core.common.CommonExecutor.accessTestCaseMainPhase(CommonExecutor.java:71)
	at com.kms.katalon.core.main.TestSuiteExecutor.accessTestSuiteMainPhase(TestSuiteExecutor.java:160)
	at com.kms.katalon.core.main.TestSuiteExecutor.execute(TestSuiteExecutor.java:107)
	at com.kms.katalon.core.main.TestCaseMain.startTestSuite(TestCaseMain.java:180)
	at TempTestSuite1738670560667.run(TempTestSuite1738670560667.groovy:35)
	at java.base/jdk.internal.reflect.NativeMethodAccessorImpl.invoke0(Native Method)
	at java.base/jdk.internal.reflect.NativeMethodAccessorImpl.invoke(NativeMethodAccessorImpl.java:77)
	at java.base/jdk.internal.reflect.DelegatingMethodAccessorImpl.invoke(DelegatingMethodAccessorImpl.java:43)
Caused by: org.openqa.selenium.ElementClickInterceptedException: element click intercepted: Element <div class="text-block-88">...</div> is not clickable at point (933, 31). Other element would receive the click: <div class="cl-dialog" cl-connector-root-element="DETACHED" cl-widget-id="f11857v11857" style="z-index: 900719924; position: fixed; visibility: visible;">...</div>
  (Session info: chrome=132.0.6834.160)
Build info: version: '4.22.0', revision: 'c5f3146703'
System info: os.name: 'Windows 11', os.arch: 'amd64', os.version: '10.0', java.version: '17.0.13'
Driver info: com.kms.katalon.selenium.driver.CChromeDriver
Command: [6f2bb18c44c7706e12c4dec11300bc8a, clickElement {id=f.CB71AE232C560288270CC482EECE975F.d.A0BA60DD737B1A4543F224930EC2A0CC.e.56}]
Capabilities {acceptInsecureCerts: false, browserName: chrome, browserVersion: 132.0.6834.160, chrome: {chromedriverVersion: 132.0.6834.83 (03d59cf5ecf1..., userDataDir: C:\Users\SHASHANK\AppData\L...}, fedcm:accounts: true, goog:chromeOptions: {debuggerAddress: localhost:52289}, networkConnectionEnabled: false, pageLoadStrategy: normal, platformName: windows, proxy: Proxy(), se:cdp: ws://localhost:52289/devtoo..., se:cdpVersion: 132.0.6834.160, setWindowRect: true, strictFileInteractability: false, timeouts: {implicit: 0, pageLoad: 300000, script: 30000}, unhandledPromptBehavior: ignore, webSocketUrl: ws://localhost:1405/session..., webauthn:extension:credBlob: true, webauthn:extension:largeBlob: true, webauthn:extension:minPinLength: true, webauthn:extension:prf: true, webauthn:virtualAuthenticators: true}
Element: [[CChromeDriver: chrome on windows (6f2bb18c44c7706e12c4dec11300bc8a)] -> xpath: (.//*[normalize-space(text()) and normalize-space(.)='All video podcasts'])[1]/following::div[6]]
Session ID: 6f2bb18c44c7706e12c4dec11300bc8a
	at java.base/jdk.internal.reflect.NativeConstructorAccessorImpl.newInstance0(Native Method)
	at java.base/jdk.internal.reflect.NativeConstructorAccessorImpl.newInstance(NativeConstructorAccessorImpl.java:77)
	at java.base/jdk.internal.reflect.DelegatingConstructorAccessorImpl.newInstance(DelegatingConstructorAccessorImpl.java:45)
	at org.openqa.selenium.remote.ErrorCodec.decode(ErrorCodec.java:167)
	at org.openqa.selenium.remote.codec.w3c.W3CHttpResponseCodec.decode(W3CHttpResponseCodec.java:138)
	at org.openqa.selenium.remote.codec.w3c.W3CHttpResponseCodec.decode(W3CHttpResponseCodec.java:50)
	at org.openqa.selenium.remote.HttpCommandExecutor.execute(HttpCommandExecutor.java:190)
	at org.openqa.selenium.remote.service.DriverCommandExecutor.invokeExecute(DriverCommandExecutor.java:216)
	at org.openqa.selenium.remote.service.DriverCommandExecutor.execute(DriverCommandExecutor.java:174)
	at org.openqa.selenium.remote.RemoteWebDriver.execute(RemoteWebDriver.java:518)
	at org.openqa.selenium.remote.RemoteWebElement.execute(RemoteWebElement.java:223)
	at org.openqa.selenium.remote.RemoteWebElement.click(RemoteWebElement.java:76)
	at jdk.internal.reflect.GeneratedMethodAccessor17.invoke(Unknown Source)
	at java.base/jdk.internal.reflect.DelegatingMethodAccessorImpl.invoke(DelegatingMethodAccessorImpl.java:43)
	at org.openqa.selenium.support.decorators.WebDriverDecorator.call(WebDriverDecorator.java:249)
	at org.openqa.selenium.support.decorators.DefaultDecorated.call(DefaultDecorated.java:48)
	at org.openqa.selenium.support.decorators.WebDriverDecorator.lambda$createProxy$2(WebDriverDecorator.java:321)
	at net.bytebuddy.renamed.java.lang.Object$ByteBuddy$pnEbGi8v.click(Unknown Source)
	at org.openqa.selenium.WebElement$click.call(Unknown Source)
	at com.kms.katalon.core.webui.keyword.builtin.ClickKeyword.clickUntilSuccessWithTimeout(ClickKeyword.groovy:82)
	at com.kms.katalon.core.webui.keyword.builtin.ClickKeyword.clickUntilSuccessWithTimeout(ClickKeyword.groovy)
	at java.base/jdk.internal.reflect.NativeMethodAccessorImpl.invoke0(Native Method)
	at java.base/jdk.internal.reflect.NativeMethodAccessorImpl.invoke(NativeMethodAccessorImpl.java:77)
	at java.base/jdk.internal.reflect.DelegatingMethodAccessorImpl.invoke(DelegatingMethodAccessorImpl.java:43)
	at com.kms.katalon.core.webui.keyword.builtin.ClickKeyword$_click_closure1.doCall(ClickKeyword.groovy:68)
	at com.kms.katalon.core.webui.keyword.builtin.ClickKeyword$_click_closure1.call(ClickKeyword.groovy)
	at com.kms.katalon.core.webui.keyword.internal.WebUIKeywordMain.runKeyword(WebUIKeywordMain.groovy:35)
	... 20 more]]></system-err>
   </testsuite>
</testsuites>
